<?xml version="1.0" encoding="UTF-8"?>
<testng-results skipped="0" failed="0" ignored="0" total="3" passed="3">
  <reporter-output>
  </reporter-output>
  <suite name="Default suite" duration-ms="30107" started-at="2022-05-03T17:03:08 EDT" finished-at="2022-05-03T17:03:38 EDT">
    <groups>
    </groups>
    <test name="Default test" duration-ms="30107" started-at="2022-05-03T17:03:08 EDT" finished-at="2022-05-03T17:03:38 EDT">
      <class name="com.TIAA.qa.testcases.LandingPageTest">
        <test-method status="PASS" signature="setup()[pri:0, instance:com.TIAA.qa.testcases.LandingPageTest@57855c9a]" name="setup" is-config="true" duration-ms="18173" started-at="2022-05-03T17:03:08 EDT" finished-at="2022-05-03T17:03:26 EDT">
          <reporter-output>
          </reporter-output>
        </test-method> <!-- setup -->
        <test-method status="PASS" signature="displayPageTitle()[pri:0, instance:com.TIAA.qa.testcases.LandingPageTest@57855c9a]" name="displayPageTitle" duration-ms="24" started-at="2022-05-03T17:03:26 EDT" finished-at="2022-05-03T17:03:26 EDT">
          <reporter-output>
          </reporter-output>
        </test-method> <!-- displayPageTitle -->
        <test-method status="PASS" signature="displayTIAALogo()[pri:1, instance:com.TIAA.qa.testcases.LandingPageTest@57855c9a]" name="displayTIAALogo" duration-ms="54" started-at="2022-05-03T17:03:26 EDT" finished-at="2022-05-03T17:03:26 EDT">
          <reporter-output>
          </reporter-output>
        </test-method> <!-- displayTIAALogo -->
        <test-method status="PASS" signature="dispalyProductSelectionPage()[pri:2, instance:com.TIAA.qa.testcases.LandingPageTest@57855c9a]" name="dispalyProductSelectionPage" duration-ms="10937" started-at="2022-05-03T17:03:26 EDT" finished-at="2022-05-03T17:03:37 EDT">
          <reporter-output>
          </reporter-output>
        </test-method> <!-- dispalyProductSelectionPage -->
        <test-method status="PASS" signature="tearDown()[pri:0, instance:com.TIAA.qa.testcases.LandingPageTest@57855c9a]" name="tearDown" is-config="true" duration-ms="824" started-at="2022-05-03T17:03:37 EDT" finished-at="2022-05-03T17:03:38 EDT">
          <reporter-output>
          </reporter-output>
        </test-method> <!-- tearDown -->
      </class> <!-- com.TIAA.qa.testcases.LandingPageTest -->
    </test> <!-- Default test -->
  </suite> <!-- Default suite -->
</testng-results>
