<?xml version="1.0" encoding="UTF-8"?>
<!-- Generated by org.testng.reporters.JUnitXMLReporter -->
<testsuite hostname="DESKTOP-EQPBENL" ignored="0" name="Default test" tests="3" failures="0" timestamp="2020-01-20T19:30:28 CST" time="89.494" errors="0">
  <testcase name="displayPageTitle" time="0.124" classname="com.TIAA.qa.testcases.LandingPageTest"/>
  <testcase name="displayTIAALogo" time="0.06" classname="com.TIAA.qa.testcases.LandingPageTest"/>
  <testcase name="dispalyProductSelectionPage" time="18.1" classname="com.TIAA.qa.testcases.LandingPageTest"/>
</testsuite> <!-- Default test -->
