<?xml version="1.0" encoding="UTF-8"?>
<!-- Generated by org.testng.reporters.JUnitXMLReporter -->
<testsuite ignored="0" hostname="DESKTOP-EQPBENL" failures="0" tests="3" name="Default test" time="66.15" errors="0" timestamp="2020-01-19T15:16:13 CST">
  <testcase classname="com.TIAA.qa.testcases.LandingPageTest" name="displayPageTitle" time="0.015"/>
  <testcase classname="com.TIAA.qa.testcases.LandingPageTest" name="displayTIAALogo" time="0.037"/>
  <testcase classname="com.TIAA.qa.testcases.LandingPageTest" name="dispalyProductSelectionPage" time="11.81"/>
</testsuite> <!-- Default test -->
